<?xml version="1.0" encoding="UTF-8"?>
<!-- Generated by org.testng.reporters.JUnitXMLReporter -->
<testsuite ignored="0" hostname="PINENOIL16097" failures="2" tests="13" name="Test" time="188.663" errors="0" timestamp="2022-04-22T10:22:34 IST">
  <testcase classname="com.pinelabs.RnD.WebUITest.PCUILoginTest" name="login" time="0.694"/>
  <testcase classname="com.pinelabs.RnD.WebUITest.PCUILoginTest" name="login" time="0.703"/>
  <testcase classname="com.pinelabs.RnD.WebUITest.PCUILoginTest" name="login" time="0.593"/>
  <testcase classname="com.pinelabs.RnD.WebUITest.PCUILoginTest" name="login" time="2.571"/>
  <testcase classname="com.pinelabs.RnD.WebUITest.PCUILoginTest" name="login" time="0.604"/>
  <testcase classname="com.pinelabs.RnD.WebUITest.PCUILoginTest" name="login" time="0.526"/>
  <testcase classname="com.pinelabs.RnD.WebUITest.CreateMerchantTest" name="CreateMerchant" time="4.897"/>
  <testcase classname="com.pinelabs.RnD.WebUITest.CreateMerchantTest" name="CreateMerchant" time="4.547"/>
  <testcase classname="com.pinelabs.RnD.WebUITest.CreateMerchantTest" name="CreateMerchant" time="3.862"/>
  <testcase classname="com.pinelabs.RnD.WebUITest.ApproveMerchantTest" name="ApproveMerchant" time="30.729"/>
  <testcase classname="com.pinelabs.RnD.WebUITest.ApproveMerchantTest" name="ApproveMerchant" time="31.881"/>
  <testcase classname="com.pinelabs.RnD.WebUITest.ApproveMerchantTest" name="ApproveMerchant" time="31.283">
    <failure type="org.openqa.selenium.TimeoutException" message="Expected condition failed: waiting for visibility of element located by By.xpath: //*[@class=&amp;apos;alertify-message&amp;apos;] (tried for 30 second(s) with 500 MILLISECONDS interval)">
      <![CDATA[org.openqa.selenium.TimeoutException: Expected condition failed: waiting for visibility of element located by By.xpath: //*[@class='alertify-message'] (tried for 30 second(s) with 500 MILLISECONDS interval)
at org.openqa.selenium.support.ui.WebDriverWait.timeoutException(WebDriverWait.java:82)
at org.openqa.selenium.support.ui.FluentWait.until(FluentWait.java:231)
at com.pinelabs.RnD.WebUI.Base.SeleniumUtilities.getElement(SeleniumUtilities.java:629)
at com.pinelabs.RnD.WebUI.Base.SeleniumUtilities.getTextOfElement(SeleniumUtilities.java:420)
at com.pinelabs.RnD.WebUI.POM.ManageMerchant.MerchantApprovalMessageValidation(ManageMerchant.java:164)
at com.pinelabs.RnD.WebUITest.ApproveMerchantTest.ApproveMerchant(ApproveMerchantTest.java:51)
at java.base/java.util.ArrayList.forEach(ArrayList.java:1511)
Caused by: org.openqa.selenium.NoSuchElementException: Cannot locate an element using By.xpath: //*[@class='alertify-message']
For documentation on this error, please visit: http://seleniumhq.org/exceptions/no_such_element.html
Build info: version: '3.9.1', revision: '63f7b50', time: '2018-02-07T22:25:02.294Z'
System info: host: 'PINENOIL16097', ip: '192.168.1.7', os.name: 'Windows 10', os.arch: 'amd64', os.version: '10.0', java.version: '17.0.1'
Driver info: driver.version: unknown
at org.openqa.selenium.support.ui.ExpectedConditions.lambda$findElement$0(ExpectedConditions.java:896)
at java.base/java.util.Optional.orElseThrow(Optional.java:403)
at org.openqa.selenium.support.ui.ExpectedConditions.findElement(ExpectedConditions.java:895)
at org.openqa.selenium.support.ui.ExpectedConditions.access$000(ExpectedConditions.java:44)
at org.openqa.selenium.support.ui.ExpectedConditions$7.apply(ExpectedConditions.java:206)
at org.openqa.selenium.support.ui.ExpectedConditions$7.apply(ExpectedConditions.java:202)
at org.openqa.selenium.support.ui.FluentWait.until(FluentWait.java:208)
... 32 more
... Removed 27 stack frames]]>
    </failure>
  </testcase> <!-- ApproveMerchant -->
  <testcase classname="com.pinelabs.RnD.WebUITest.ApproveMerchantTest" name="ApproveMerchant" time="1.261">
    <failure type="org.openqa.selenium.ElementClickInterceptedException" message="element click intercepted: Element &amp;lt;input type=&amp;quot;submit&amp;quot; name=&amp;quot;ctl00$ContentPlaceHolder1$SaerchMerchantBtn&amp;quot; value=&amp;quot;Search&amp;quot; onclick=&amp;quot;javascript:return ValidateFields();&amp;quot; id=&amp;quot;SaerchMerchantBtn&amp;quot; class=&amp;quot;btn btn-red1&amp;quot; style=&amp;quot;border: 3px solid cyan;&amp;quot;&amp;gt; is not clickable at point (836, 210). Other element would receive the click: &amp;lt;div id=&amp;quot;divBackground&amp;quot; style=&amp;quot;position: absolute; top: 0px; left: 0px; background-color: black; z-index: 999; opacity: 0.8; overflow: hidden; display: block; height: 564px; width: 100%;&amp;quot;&amp;gt;...&amp;lt;/div&amp;gt;
  (Session info: chrome=100.0.4896.127)
Build info: version: &amp;apos;3.9.1&amp;apos;, revision: &amp;apos;63f7b50&amp;apos;, time: &amp;apos;2018-02-07T22:25:02.294Z&amp;apos;
System info: host: &amp;apos;PINENOIL16097&amp;apos;, ip: &amp;apos;192.168.1.7&amp;apos;, os.name: &amp;apos;Windows 10&amp;apos;, os.arch: &amp;apos;amd64&amp;apos;, os.version: &amp;apos;10.0&amp;apos;, java.version: &amp;apos;17.0.1&amp;apos;
Driver info: org.openqa.selenium.chrome.ChromeDriver
Capabilities {acceptInsecureCerts: true, browserName: chrome, browserVersion: 100.0.4896.127, chrome: {chromedriverVersion: 100.0.4896.60 (6a5d10861ce8..., userDataDir: C:\Users\PRAKHE~1.AGA\AppDa...}, goog:chromeOptions: {debuggerAddress: localhost:51012}, javascriptEnabled: true, networkConnectionEnabled: false, pageLoadStrategy: normal, platform: WINDOWS, platformName: WINDOWS, proxy: Proxy(), setWindowRect: true, strictFileInteractability: false, timeouts: {implicit: 0, pageLoad: 300000, script: 30000}, unhandledPromptBehavior: dismiss and notify, webauthn:extension:credBlob: true, webauthn:extension:largeBlob: true, webauthn:virtualAuthenticators: true}
Session ID: c5cfaf95d185d7579791cd55addd68e2">
      <![CDATA[org.openqa.selenium.ElementClickInterceptedException: element click intercepted: Element <input type="submit" name="ctl00$ContentPlaceHolder1$SaerchMerchantBtn" value="Search" onclick="javascript:return ValidateFields();" id="SaerchMerchantBtn" class="btn btn-red1" style="border: 3px solid cyan;"> is not clickable at point (836, 210). Other element would receive the click: <div id="divBackground" style="position: absolute; top: 0px; left: 0px; background-color: black; z-index: 999; opacity: 0.8; overflow: hidden; display: block; height: 564px; width: 100%;">...</div>
  (Session info: chrome=100.0.4896.127)
Build info: version: '3.9.1', revision: '63f7b50', time: '2018-02-07T22:25:02.294Z'
System info: host: 'PINENOIL16097', ip: '192.168.1.7', os.name: 'Windows 10', os.arch: 'amd64', os.version: '10.0', java.version: '17.0.1'
Driver info: org.openqa.selenium.chrome.ChromeDriver
Capabilities {acceptInsecureCerts: true, browserName: chrome, browserVersion: 100.0.4896.127, chrome: {chromedriverVersion: 100.0.4896.60 (6a5d10861ce8..., userDataDir: C:\Users\PRAKHE~1.AGA\AppDa...}, goog:chromeOptions: {debuggerAddress: localhost:51012}, javascriptEnabled: true, networkConnectionEnabled: false, pageLoadStrategy: normal, platform: WINDOWS, platformName: WINDOWS, proxy: Proxy(), setWindowRect: true, strictFileInteractability: false, timeouts: {implicit: 0, pageLoad: 300000, script: 30000}, unhandledPromptBehavior: dismiss and notify, webauthn:extension:credBlob: true, webauthn:extension:largeBlob: true, webauthn:virtualAuthenticators: true}
Session ID: c5cfaf95d185d7579791cd55addd68e2
at org.openqa.selenium.remote.http.W3CHttpResponseCodec.createException(W3CHttpResponseCodec.java:187)
at org.openqa.selenium.remote.http.W3CHttpResponseCodec.decode(W3CHttpResponseCodec.java:122)
at org.openqa.selenium.remote.http.W3CHttpResponseCodec.decode(W3CHttpResponseCodec.java:49)
at org.openqa.selenium.remote.HttpCommandExecutor.execute(HttpCommandExecutor.java:160)
at org.openqa.selenium.remote.service.DriverCommandExecutor.execute(DriverCommandExecutor.java:83)
at org.openqa.selenium.remote.RemoteWebDriver.execute(RemoteWebDriver.java:601)
at org.openqa.selenium.remote.RemoteWebElement.execute(RemoteWebElement.java:279)
at org.openqa.selenium.remote.RemoteWebElement.click(RemoteWebElement.java:83)
at com.pinelabs.RnD.WebUI.Base.SeleniumUtilities.clickOnElement(SeleniumUtilities.java:352)
at com.pinelabs.RnD.WebUI.POM.ManageMerchant.ApproveMerchant(ManageMerchant.java:124)
at com.pinelabs.RnD.WebUITest.ApproveMerchantTest.ApproveMerchant(ApproveMerchantTest.java:50)
at java.base/java.util.ArrayList.forEach(ArrayList.java:1511)
... Removed 32 stack frames]]>
    </failure>
  </testcase> <!-- ApproveMerchant -->
</testsuite> <!-- Test -->
