<html>
<head>
<title>TestNG:  Test</title>
<link href="../testng.css" rel="stylesheet" type="text/css" />
<link href="../my-testng.css" rel="stylesheet" type="text/css" />

<style type="text/css">
.log { display: none;} 
.stack-trace { display: none;} 
</style>
<script type="text/javascript">
<!--
function flip(e) {
  current = e.style.display;
  if (current == 'block') {
    e.style.display = 'none';
    return 0;
  }
  else {
    e.style.display = 'block';
    return 1;
  }
}

function toggleBox(szDivId, elem, msg1, msg2)
{
  var res = -1;  if (document.getElementById) {
    res = flip(document.getElementById(szDivId));
  }
  else if (document.all) {
    // this is the way old msie versions work
    res = flip(document.all[szDivId]);
  }
  if(elem) {
    if(res == 0) elem.innerHTML = msg1; else elem.innerHTML = msg2;
  }

}

function toggleAllBoxes() {
  if (document.getElementsByTagName) {
    d = document.getElementsByTagName('div');
    for (i = 0; i < d.length; i++) {
      if (d[i].className == 'log') {
        flip(d[i]);
      }
    }
  }
}

// -->
</script>

</head>
<body>
<h2 align='center'>Test</h2><table border='1' align="center">
<tr>
<td>Tests passed/Failed/Skipped:</td><td>11/2/0</td>
</tr><tr>
<td>Started on:</td><td>Fri Apr 22 10:19:25 IST 2022</td>
</tr>
<tr><td>Total time:</td><td>188 seconds (188663 ms)</td>
</tr><tr>
<td>Included groups:</td><td></td>
</tr><tr>
<td>Excluded groups:</td><td></td>
</tr>
</table><p/>
<small><i>(Hover the method name to see the test class name)</i></small><p/>
<table width='100%' border='1' class='invocation-failed'>
<tr><td colspan='4' align='center'><b>FAILED TESTS</b></td></tr>
<tr><td><b>Test method</b></td>
<td width="30%"><b>Exception</b></td>
<td width="10%"><b>Time (seconds)</b></td>
<td><b>Instance</b></td>
</tr>
<tr>
<td title='com.pinelabs.RnD.WebUITest.ApproveMerchantTest.ApproveMerchant()'><b>ApproveMerchant</b><br>Test class: com.pinelabs.RnD.WebUITest.ApproveMerchantTest<br>Parameters: AutomatedMerchant037, Success</td>
<td><div><pre>org.openqa.selenium.TimeoutException: Expected condition failed: waiting for visibility of element located by By.xpath: //*[@class=&apos;alertify-message&apos;] (tried for 30 second(s) with 500 MILLISECONDS interval)
	at org.openqa.selenium.support.ui.WebDriverWait.timeoutException(WebDriverWait.java:82)
	at org.openqa.selenium.support.ui.FluentWait.until(FluentWait.java:231)
	at com.pinelabs.RnD.WebUI.Base.SeleniumUtilities.getElement(SeleniumUtilities.java:629)
	at com.pinelabs.RnD.WebUI.Base.SeleniumUtilities.getTextOfElement(SeleniumUtilities.java:420)
	at com.pinelabs.RnD.WebUI.POM.ManageMerchant.MerchantApprovalMessageValidation(ManageMerchant.java:164)
	at com.pinelabs.RnD.WebUITest.ApproveMerchantTest.ApproveMerchant(ApproveMerchantTest.java:51)
	at java.base/java.util.ArrayList.forEach(ArrayList.java:1511)
Caused by: org.openqa.selenium.NoSuchElementException: Cannot locate an element using By.xpath: //*[@class=&apos;alertify-message&apos;]
For documentation on this error, please visit: http://seleniumhq.org/exceptions/no_such_element.html
Build info: version: &apos;3.9.1&apos;, revision: &apos;63f7b50&apos;, time: &apos;2018-02-07T22:25:02.294Z&apos;
System info: host: &apos;PINENOIL16097&apos;, ip: &apos;192.168.1.7&apos;, os.name: &apos;Windows 10&apos;, os.arch: &apos;amd64&apos;, os.version: &apos;10.0&apos;, java.version: &apos;17.0.1&apos;
Driver info: driver.version: unknown
	at org.openqa.selenium.support.ui.ExpectedConditions.lambda$findElement$0(ExpectedConditions.java:896)
	at java.base/java.util.Optional.orElseThrow(Optional.java:403)
	at org.openqa.selenium.support.ui.ExpectedConditions.findElement(ExpectedConditions.java:895)
	at org.openqa.selenium.support.ui.ExpectedConditions.access$000(ExpectedConditions.java:44)
	at org.openqa.selenium.support.ui.ExpectedConditions$7.apply(ExpectedConditions.java:206)
	at org.openqa.selenium.support.ui.ExpectedConditions$7.apply(ExpectedConditions.java:202)
	at org.openqa.selenium.support.ui.FluentWait.until(FluentWait.java:208)
	... 32 more
... Removed 27 stack frames</pre></div><a href='#' onClick='toggleBox("stack-trace1228603887", this, "Click to show all stack frames", "Click to hide stack frames")'>Click to show all stack frames</a>
<div class='stack-trace' id='stack-trace1228603887'><pre>org.openqa.selenium.TimeoutException: Expected condition failed: waiting for visibility of element located by By.xpath: //*[@class=&apos;alertify-message&apos;] (tried for 30 second(s) with 500 MILLISECONDS interval)
	at org.openqa.selenium.support.ui.WebDriverWait.timeoutException(WebDriverWait.java:82)
	at org.openqa.selenium.support.ui.FluentWait.until(FluentWait.java:231)
	at com.pinelabs.RnD.WebUI.Base.SeleniumUtilities.getElement(SeleniumUtilities.java:629)
	at com.pinelabs.RnD.WebUI.Base.SeleniumUtilities.getTextOfElement(SeleniumUtilities.java:420)
	at com.pinelabs.RnD.WebUI.POM.ManageMerchant.MerchantApprovalMessageValidation(ManageMerchant.java:164)
	at com.pinelabs.RnD.WebUITest.ApproveMerchantTest.ApproveMerchant(ApproveMerchantTest.java:51)
	at java.base/jdk.internal.reflect.NativeMethodAccessorImpl.invoke0(Native Method)
	at java.base/jdk.internal.reflect.NativeMethodAccessorImpl.invoke(NativeMethodAccessorImpl.java:77)
	at java.base/jdk.internal.reflect.DelegatingMethodAccessorImpl.invoke(DelegatingMethodAccessorImpl.java:43)
	at java.base/java.lang.reflect.Method.invoke(Method.java:568)
	at org.testng.internal.MethodInvocationHelper.invokeMethod(MethodInvocationHelper.java:133)
	at org.testng.internal.TestInvoker.invokeMethod(TestInvoker.java:598)
	at org.testng.internal.TestInvoker.invokeTestMethod(TestInvoker.java:173)
	at org.testng.internal.MethodRunner.runInSequence(MethodRunner.java:46)
	at org.testng.internal.TestInvoker$MethodInvocationAgent.invoke(TestInvoker.java:824)
	at org.testng.internal.TestInvoker.invokeTestMethods(TestInvoker.java:146)
	at org.testng.internal.TestMethodWorker.invokeTestMethods(TestMethodWorker.java:146)
	at org.testng.internal.TestMethodWorker.run(TestMethodWorker.java:128)
	at java.base/java.util.ArrayList.forEach(ArrayList.java:1511)
	at org.testng.TestRunner.privateRun(TestRunner.java:794)
	at org.testng.TestRunner.run(TestRunner.java:596)
	at org.testng.SuiteRunner.runTest(SuiteRunner.java:377)
	at org.testng.SuiteRunner.runSequentially(SuiteRunner.java:371)
	at org.testng.SuiteRunner.privateRun(SuiteRunner.java:332)
	at org.testng.SuiteRunner.run(SuiteRunner.java:276)
	at org.testng.SuiteRunnerWorker.runSuite(SuiteRunnerWorker.java:53)
	at org.testng.SuiteRunnerWorker.run(SuiteRunnerWorker.java:96)
	at org.testng.TestNG.runSuitesSequentially(TestNG.java:1212)
	at org.testng.TestNG.runSuitesLocally(TestNG.java:1134)
	at org.testng.TestNG.runSuites(TestNG.java:1063)
	at org.testng.TestNG.run(TestNG.java:1031)
	at org.testng.remote.AbstractRemoteTestNG.run(AbstractRemoteTestNG.java:115)
	at org.testng.remote.RemoteTestNG.initAndRun(RemoteTestNG.java:251)
	at org.testng.remote.RemoteTestNG.main(RemoteTestNG.java:77)
Caused by: org.openqa.selenium.NoSuchElementException: Cannot locate an element using By.xpath: //*[@class=&apos;alertify-message&apos;]
For documentation on this error, please visit: http://seleniumhq.org/exceptions/no_such_element.html
Build info: version: &apos;3.9.1&apos;, revision: &apos;63f7b50&apos;, time: &apos;2018-02-07T22:25:02.294Z&apos;
System info: host: &apos;PINENOIL16097&apos;, ip: &apos;192.168.1.7&apos;, os.name: &apos;Windows 10&apos;, os.arch: &apos;amd64&apos;, os.version: &apos;10.0&apos;, java.version: &apos;17.0.1&apos;
Driver info: driver.version: unknown
	at org.openqa.selenium.support.ui.ExpectedConditions.lambda$findElement$0(ExpectedConditions.java:896)
	at java.base/java.util.Optional.orElseThrow(Optional.java:403)
	at org.openqa.selenium.support.ui.ExpectedConditions.findElement(ExpectedConditions.java:895)
	at org.openqa.selenium.support.ui.ExpectedConditions.access$000(ExpectedConditions.java:44)
	at org.openqa.selenium.support.ui.ExpectedConditions$7.apply(ExpectedConditions.java:206)
	at org.openqa.selenium.support.ui.ExpectedConditions$7.apply(ExpectedConditions.java:202)
	at org.openqa.selenium.support.ui.FluentWait.until(FluentWait.java:208)
	... 32 more
</pre></div></td>
<td>31</td>
<td>com.pinelabs.RnD.WebUITest.ApproveMerchantTest@2dc54ad4</td></tr>
<tr>
<td title='com.pinelabs.RnD.WebUITest.ApproveMerchantTest.ApproveMerchant()'><b>ApproveMerchant</b><br>Test class: com.pinelabs.RnD.WebUITest.ApproveMerchantTest<br>Parameters: Null, Fail</td>
<td><div><pre>org.openqa.selenium.ElementClickInterceptedException: element click intercepted: Element &lt;input type=&quot;submit&quot; name=&quot;ctl00$ContentPlaceHolder1$SaerchMerchantBtn&quot; value=&quot;Search&quot; onclick=&quot;javascript:return ValidateFields();&quot; id=&quot;SaerchMerchantBtn&quot; class=&quot;btn btn-red1&quot; style=&quot;border: 3px solid cyan;&quot;&gt; is not clickable at point (836, 210). Other element would receive the click: &lt;div id=&quot;divBackground&quot; style=&quot;position: absolute; top: 0px; left: 0px; background-color: black; z-index: 999; opacity: 0.8; overflow: hidden; display: block; height: 564px; width: 100%;&quot;&gt;...&lt;/div&gt;
  (Session info: chrome=100.0.4896.127)
Build info: version: &apos;3.9.1&apos;, revision: &apos;63f7b50&apos;, time: &apos;2018-02-07T22:25:02.294Z&apos;
System info: host: &apos;PINENOIL16097&apos;, ip: &apos;192.168.1.7&apos;, os.name: &apos;Windows 10&apos;, os.arch: &apos;amd64&apos;, os.version: &apos;10.0&apos;, java.version: &apos;17.0.1&apos;
Driver info: org.openqa.selenium.chrome.ChromeDriver
Capabilities {acceptInsecureCerts: true, browserName: chrome, browserVersion: 100.0.4896.127, chrome: {chromedriverVersion: 100.0.4896.60 (6a5d10861ce8..., userDataDir: C:\Users\PRAKHE~1.AGA\AppDa...}, goog:chromeOptions: {debuggerAddress: localhost:51012}, javascriptEnabled: true, networkConnectionEnabled: false, pageLoadStrategy: normal, platform: WINDOWS, platformName: WINDOWS, proxy: Proxy(), setWindowRect: true, strictFileInteractability: false, timeouts: {implicit: 0, pageLoad: 300000, script: 30000}, unhandledPromptBehavior: dismiss and notify, webauthn:extension:credBlob: true, webauthn:extension:largeBlob: true, webauthn:virtualAuthenticators: true}
Session ID: c5cfaf95d185d7579791cd55addd68e2
	at org.openqa.selenium.remote.http.W3CHttpResponseCodec.createException(W3CHttpResponseCodec.java:187)
	at org.openqa.selenium.remote.http.W3CHttpResponseCodec.decode(W3CHttpResponseCodec.java:122)
	at org.openqa.selenium.remote.http.W3CHttpResponseCodec.decode(W3CHttpResponseCodec.java:49)
	at org.openqa.selenium.remote.HttpCommandExecutor.execute(HttpCommandExecutor.java:160)
	at org.openqa.selenium.remote.service.DriverCommandExecutor.execute(DriverCommandExecutor.java:83)
	at org.openqa.selenium.remote.RemoteWebDriver.execute(RemoteWebDriver.java:601)
	at org.openqa.selenium.remote.RemoteWebElement.execute(RemoteWebElement.java:279)
	at org.openqa.selenium.remote.RemoteWebElement.click(RemoteWebElement.java:83)
	at com.pinelabs.RnD.WebUI.Base.SeleniumUtilities.clickOnElement(SeleniumUtilities.java:352)
	at com.pinelabs.RnD.WebUI.POM.ManageMerchant.ApproveMerchant(ManageMerchant.java:124)
	at com.pinelabs.RnD.WebUITest.ApproveMerchantTest.ApproveMerchant(ApproveMerchantTest.java:50)
	at java.base/java.util.ArrayList.forEach(ArrayList.java:1511)
... Removed 32 stack frames</pre></div><a href='#' onClick='toggleBox("stack-trace1967118241", this, "Click to show all stack frames", "Click to hide stack frames")'>Click to show all stack frames</a>
<div class='stack-trace' id='stack-trace1967118241'><pre>org.openqa.selenium.ElementClickInterceptedException: element click intercepted: Element &lt;input type=&quot;submit&quot; name=&quot;ctl00$ContentPlaceHolder1$SaerchMerchantBtn&quot; value=&quot;Search&quot; onclick=&quot;javascript:return ValidateFields();&quot; id=&quot;SaerchMerchantBtn&quot; class=&quot;btn btn-red1&quot; style=&quot;border: 3px solid cyan;&quot;&gt; is not clickable at point (836, 210). Other element would receive the click: &lt;div id=&quot;divBackground&quot; style=&quot;position: absolute; top: 0px; left: 0px; background-color: black; z-index: 999; opacity: 0.8; overflow: hidden; display: block; height: 564px; width: 100%;&quot;&gt;...&lt;/div&gt;
  (Session info: chrome=100.0.4896.127)
Build info: version: &apos;3.9.1&apos;, revision: &apos;63f7b50&apos;, time: &apos;2018-02-07T22:25:02.294Z&apos;
System info: host: &apos;PINENOIL16097&apos;, ip: &apos;192.168.1.7&apos;, os.name: &apos;Windows 10&apos;, os.arch: &apos;amd64&apos;, os.version: &apos;10.0&apos;, java.version: &apos;17.0.1&apos;
Driver info: org.openqa.selenium.chrome.ChromeDriver
Capabilities {acceptInsecureCerts: true, browserName: chrome, browserVersion: 100.0.4896.127, chrome: {chromedriverVersion: 100.0.4896.60 (6a5d10861ce8..., userDataDir: C:\Users\PRAKHE~1.AGA\AppDa...}, goog:chromeOptions: {debuggerAddress: localhost:51012}, javascriptEnabled: true, networkConnectionEnabled: false, pageLoadStrategy: normal, platform: WINDOWS, platformName: WINDOWS, proxy: Proxy(), setWindowRect: true, strictFileInteractability: false, timeouts: {implicit: 0, pageLoad: 300000, script: 30000}, unhandledPromptBehavior: dismiss and notify, webauthn:extension:credBlob: true, webauthn:extension:largeBlob: true, webauthn:virtualAuthenticators: true}
Session ID: c5cfaf95d185d7579791cd55addd68e2
	at java.base/jdk.internal.reflect.NativeConstructorAccessorImpl.newInstance0(Native Method)
	at java.base/jdk.internal.reflect.NativeConstructorAccessorImpl.newInstance(NativeConstructorAccessorImpl.java:77)
	at java.base/jdk.internal.reflect.DelegatingConstructorAccessorImpl.newInstance(DelegatingConstructorAccessorImpl.java:45)
	at java.base/java.lang.reflect.Constructor.newInstanceWithCaller(Constructor.java:499)
	at java.base/java.lang.reflect.Constructor.newInstance(Constructor.java:480)
	at org.openqa.selenium.remote.http.W3CHttpResponseCodec.createException(W3CHttpResponseCodec.java:187)
	at org.openqa.selenium.remote.http.W3CHttpResponseCodec.decode(W3CHttpResponseCodec.java:122)
	at org.openqa.selenium.remote.http.W3CHttpResponseCodec.decode(W3CHttpResponseCodec.java:49)
	at org.openqa.selenium.remote.HttpCommandExecutor.execute(HttpCommandExecutor.java:160)
	at org.openqa.selenium.remote.service.DriverCommandExecutor.execute(DriverCommandExecutor.java:83)
	at org.openqa.selenium.remote.RemoteWebDriver.execute(RemoteWebDriver.java:601)
	at org.openqa.selenium.remote.RemoteWebElement.execute(RemoteWebElement.java:279)
	at org.openqa.selenium.remote.RemoteWebElement.click(RemoteWebElement.java:83)
	at com.pinelabs.RnD.WebUI.Base.SeleniumUtilities.clickOnElement(SeleniumUtilities.java:352)
	at com.pinelabs.RnD.WebUI.POM.ManageMerchant.ApproveMerchant(ManageMerchant.java:124)
	at com.pinelabs.RnD.WebUITest.ApproveMerchantTest.ApproveMerchant(ApproveMerchantTest.java:50)
	at java.base/jdk.internal.reflect.NativeMethodAccessorImpl.invoke0(Native Method)
	at java.base/jdk.internal.reflect.NativeMethodAccessorImpl.invoke(NativeMethodAccessorImpl.java:77)
	at java.base/jdk.internal.reflect.DelegatingMethodAccessorImpl.invoke(DelegatingMethodAccessorImpl.java:43)
	at java.base/java.lang.reflect.Method.invoke(Method.java:568)
	at org.testng.internal.MethodInvocationHelper.invokeMethod(MethodInvocationHelper.java:133)
	at org.testng.internal.TestInvoker.invokeMethod(TestInvoker.java:598)
	at org.testng.internal.TestInvoker.invokeTestMethod(TestInvoker.java:173)
	at org.testng.internal.MethodRunner.runInSequence(MethodRunner.java:46)
	at org.testng.internal.TestInvoker$MethodInvocationAgent.invoke(TestInvoker.java:824)
	at org.testng.internal.TestInvoker.invokeTestMethods(TestInvoker.java:146)
	at org.testng.internal.TestMethodWorker.invokeTestMethods(TestMethodWorker.java:146)
	at org.testng.internal.TestMethodWorker.run(TestMethodWorker.java:128)
	at java.base/java.util.ArrayList.forEach(ArrayList.java:1511)
	at org.testng.TestRunner.privateRun(TestRunner.java:794)
	at org.testng.TestRunner.run(TestRunner.java:596)
	at org.testng.SuiteRunner.runTest(SuiteRunner.java:377)
	at org.testng.SuiteRunner.runSequentially(SuiteRunner.java:371)
	at org.testng.SuiteRunner.privateRun(SuiteRunner.java:332)
	at org.testng.SuiteRunner.run(SuiteRunner.java:276)
	at org.testng.SuiteRunnerWorker.runSuite(SuiteRunnerWorker.java:53)
	at org.testng.SuiteRunnerWorker.run(SuiteRunnerWorker.java:96)
	at org.testng.TestNG.runSuitesSequentially(TestNG.java:1212)
	at org.testng.TestNG.runSuitesLocally(TestNG.java:1134)
	at org.testng.TestNG.runSuites(TestNG.java:1063)
	at org.testng.TestNG.run(TestNG.java:1031)
	at org.testng.remote.AbstractRemoteTestNG.run(AbstractRemoteTestNG.java:115)
	at org.testng.remote.RemoteTestNG.initAndRun(RemoteTestNG.java:251)
	at org.testng.remote.RemoteTestNG.main(RemoteTestNG.java:77)
</pre></div></td>
<td>1</td>
<td>com.pinelabs.RnD.WebUITest.ApproveMerchantTest@2dc54ad4</td></tr>
</table><p>
<table width='100%' border='1' class='invocation-passed'>
<tr><td colspan='4' align='center'><b>PASSED TESTS</b></td></tr>
<tr><td><b>Test method</b></td>
<td width="30%"><b>Exception</b></td>
<td width="10%"><b>Time (seconds)</b></td>
<td><b>Instance</b></td>
</tr>
<tr>
<td title='com.pinelabs.RnD.WebUITest.PCUILoginTest.login()'><b>login</b><br>Test class: com.pinelabs.RnD.WebUITest.PCUILoginTest<br>Parameters: prakher.agarwal, abc, blocked</td>
<td></td>
<td>0</td>
<td>com.pinelabs.RnD.WebUITest.PCUILoginTest@5ba3f27a</td></tr>
<tr>
<td title='com.pinelabs.RnD.WebUITest.CreateMerchantTest.CreateMerchant()'><b>CreateMerchant</b><br>Test class: com.pinelabs.RnD.WebUITest.CreateMerchantTest<br>Parameters: AutomatedMerchant049, CIMB, RM, Address Auto Filled, Malaysia, Johor, MUAR, 201001.0, Automated, 9.999999998E9, 9.999999998E9, a@r.com, Fail</td>
<td></td>
<td>4</td>
<td>com.pinelabs.RnD.WebUITest.CreateMerchantTest@1151e434</td></tr>
<tr>
<td title='com.pinelabs.RnD.WebUITest.ApproveMerchantTest.ApproveMerchant()'><b>ApproveMerchant</b><br>Test class: com.pinelabs.RnD.WebUITest.ApproveMerchantTest<br>Parameters: AutomatedMerchant040, Fail</td>
<td></td>
<td>31</td>
<td>com.pinelabs.RnD.WebUITest.ApproveMerchantTest@2dc54ad4</td></tr>
<tr>
<td title='com.pinelabs.RnD.WebUITest.ApproveMerchantTest.ApproveMerchant()'><b>ApproveMerchant</b><br>Test class: com.pinelabs.RnD.WebUITest.ApproveMerchantTest<br>Parameters: jhsdfhdfkfd, Fail</td>
<td></td>
<td>30</td>
<td>com.pinelabs.RnD.WebUITest.ApproveMerchantTest@2dc54ad4</td></tr>
<tr>
<td title='com.pinelabs.RnD.WebUITest.PCUILoginTest.login()'><b>login</b><br>Test class: com.pinelabs.RnD.WebUITest.PCUILoginTest<br>Parameters: prakheragarwaljsk, abc, Invalid credentials</td>
<td></td>
<td>0</td>
<td>com.pinelabs.RnD.WebUITest.PCUILoginTest@5ba3f27a</td></tr>
<tr>
<td title='com.pinelabs.RnD.WebUITest.PCUILoginTest.login()'><b>login</b><br>Test class: com.pinelabs.RnD.WebUITest.PCUILoginTest<br>Parameters: testuser, abc, Invalid credentials</td>
<td></td>
<td>0</td>
<td>com.pinelabs.RnD.WebUITest.PCUILoginTest@5ba3f27a</td></tr>
<tr>
<td title='com.pinelabs.RnD.WebUITest.PCUILoginTest.login()'><b>login</b><br>Test class: com.pinelabs.RnD.WebUITest.PCUILoginTest<br>Parameters: prakher.agarwal1, null, Invalid credentials</td>
<td></td>
<td>0</td>
<td>com.pinelabs.RnD.WebUITest.PCUILoginTest@5ba3f27a</td></tr>
<tr>
<td title='com.pinelabs.RnD.WebUITest.PCUILoginTest.login()'><b>login</b><br>Test class: com.pinelabs.RnD.WebUITest.PCUILoginTest<br>Parameters: null, Pinelabs@123, Invalid credentials</td>
<td></td>
<td>0</td>
<td>com.pinelabs.RnD.WebUITest.PCUILoginTest@5ba3f27a</td></tr>
<tr>
<td title='com.pinelabs.RnD.WebUITest.PCUILoginTest.login()'><b>login</b><br>Test class: com.pinelabs.RnD.WebUITest.PCUILoginTest<br>Parameters: prakheragarwal, Pinelabs@123, valid credentials</td>
<td></td>
<td>2</td>
<td>com.pinelabs.RnD.WebUITest.PCUILoginTest@5ba3f27a</td></tr>
<tr>
<td title='com.pinelabs.RnD.WebUITest.CreateMerchantTest.CreateMerchant()'><b>CreateMerchant</b><br>Test class: com.pinelabs.RnD.WebUITest.CreateMerchantTest<br>Parameters: AutomatedMerchant048, CIMB, RM, Address Auto Filled, Malaysia, Johor, MUAR, 201001.0, Automated, 9.999999998E9, 9.999999998E9, a@r.com, Fail</td>
<td></td>
<td>4</td>
<td>com.pinelabs.RnD.WebUITest.CreateMerchantTest@1151e434</td></tr>
<tr>
<td title='com.pinelabs.RnD.WebUITest.CreateMerchantTest.CreateMerchant()'><b>CreateMerchant</b><br>Test class: com.pinelabs.RnD.WebUITest.CreateMerchantTest<br>Parameters: AutomatedMerchant050, CIMB, RM, Address Auto Filled, Malaysia, Johor, MUAR, 201001.0, Automated, 9.999999998E9, 9.999999998E9, a@r.com, Fail</td>
<td></td>
<td>3</td>
<td>com.pinelabs.RnD.WebUITest.CreateMerchantTest@1151e434</td></tr>
</table><p>
</body>
</html>