<!DOCTYPE html PUBLIC "-//W3C//DTD XHTML 1.1//EN" "https://www.w3.org/TR/xhtml11/DTD/xhtml11.dtd">
<html xmlns="https://www.w3.org/1999/xhtml">
<head>
<meta http-equiv="content-type" content="text/html; charset=UTF-8"/>
<title>TestNG Report</title>
<style type="text/css">table {margin-bottom:10px;border-collapse:collapse;empty-cells:show}th,td {border:1px solid #009;padding:.25em .5em}th {vertical-align:bottom}td {vertical-align:top}table a {font-weight:bold}.stripe td {background-color: #E6EBF9}.num {text-align:right}.passedodd td {background-color: #3F3}.passedeven td {background-color: #0A0}.skippedodd td {background-color: #DDD}.skippedeven td {background-color: #CCC}.failedodd td,.attn {background-color: #F33}.failedeven td,.stripe .attn {background-color: #D00}.stacktrace {white-space:pre;font-family:monospace}.totop {font-size:85%;text-align:center;border-bottom:2px solid #000}.invisible {display:none}</style>
</head>
<body>
<table>
<tr><th>Test</th><th># Passed</th><th># Skipped</th><th># Retried</th><th># Failed</th><th>Time (ms)</th><th>Included Groups</th><th>Excluded Groups</th></tr>
<tr><th colspan="8">Automation</th></tr>
<tr><td><a href="#t0">Test</a></td><td class="num">11</td><td class="num">0</td><td class="num">0</td><td class="num attn">2</td><td class="num">188,663</td><td></td><td></td></tr>
</table>
<table id='summary'><thead><tr><th>Class</th><th>Method</th><th>Start</th><th>Time (ms)</th></tr></thead><tbody><tr><th colspan="4">Automation</th></tr></tbody><tbody id="t0"><tr><th colspan="4">Test &#8212; failed</th></tr><tr class="failedeven"><td rowspan="2">com.pinelabs.RnD.WebUITest.ApproveMerchantTest</td><td><a href="#m0">ApproveMerchant</a></td><td rowspan="2">1650603120238</td><td rowspan="2">31283</td></tr><tr class="failedeven"><td><a href="#m1">ApproveMerchant</a></td></tr><tr><th colspan="4">Test &#8212; passed</th></tr><tr class="passedeven"><td rowspan="2">com.pinelabs.RnD.WebUITest.ApproveMerchantTest</td><td><a href="#m2">ApproveMerchant</a></td><td rowspan="2">1650603088356</td><td rowspan="2">31881</td></tr><tr class="passedeven"><td><a href="#m3">ApproveMerchant</a></td></tr><tr class="passedodd"><td rowspan="3">com.pinelabs.RnD.WebUITest.CreateMerchantTest</td><td><a href="#m4">CreateMerchant</a></td><td rowspan="3">1650603038997</td><td rowspan="3">4547</td></tr><tr class="passedodd"><td><a href="#m5">CreateMerchant</a></td></tr><tr class="passedodd"><td><a href="#m6">CreateMerchant</a></td></tr><tr class="passedeven"><td rowspan="6">com.pinelabs.RnD.WebUITest.PCUILoginTest</td><td><a href="#m7">login</a></td><td rowspan="6">1650602978141</td><td rowspan="6">694</td></tr><tr class="passedeven"><td><a href="#m8">login</a></td></tr><tr class="passedeven"><td><a href="#m9">login</a></td></tr><tr class="passedeven"><td><a href="#m10">login</a></td></tr><tr class="passedeven"><td><a href="#m11">login</a></td></tr><tr class="passedeven"><td><a href="#m12">login</a></td></tr></tbody>
</table>
<h2>Test</h2><h3 id="m0">com.pinelabs.RnD.WebUITest.ApproveMerchantTest#ApproveMerchant</h3><table class="result"><tr class="param"><th>Parameter #1</th><th>Parameter #2</th></tr><tr class="param stripe"><td>AutomatedMerchant037</td><td>Success</td></tr><tr><th colspan="2">Exception</th></tr><tr><td colspan="2"><div class="stacktrace">org.openqa.selenium.TimeoutException: Expected condition failed: waiting for visibility of element located by By.xpath: //*[@class=&apos;alertify-message&apos;] (tried for 30 second(s) with 500 MILLISECONDS interval)
	at org.openqa.selenium.support.ui.WebDriverWait.timeoutException(WebDriverWait.java:82)
	at org.openqa.selenium.support.ui.FluentWait.until(FluentWait.java:231)
	at com.pinelabs.RnD.WebUI.Base.SeleniumUtilities.getElement(SeleniumUtilities.java:629)
	at com.pinelabs.RnD.WebUI.Base.SeleniumUtilities.getTextOfElement(SeleniumUtilities.java:420)
	at com.pinelabs.RnD.WebUI.POM.ManageMerchant.MerchantApprovalMessageValidation(ManageMerchant.java:164)
	at com.pinelabs.RnD.WebUITest.ApproveMerchantTest.ApproveMerchant(ApproveMerchantTest.java:51)
	at java.base/java.util.ArrayList.forEach(ArrayList.java:1511)
Caused by: org.openqa.selenium.NoSuchElementException: Cannot locate an element using By.xpath: //*[@class=&apos;alertify-message&apos;]
For documentation on this error, please visit: http://seleniumhq.org/exceptions/no_such_element.html
Build info: version: &apos;3.9.1&apos;, revision: &apos;63f7b50&apos;, time: &apos;2018-02-07T22:25:02.294Z&apos;
System info: host: &apos;PINENOIL16097&apos;, ip: &apos;192.168.1.7&apos;, os.name: &apos;Windows 10&apos;, os.arch: &apos;amd64&apos;, os.version: &apos;10.0&apos;, java.version: &apos;17.0.1&apos;
Driver info: driver.version: unknown
	at org.openqa.selenium.support.ui.ExpectedConditions.lambda$findElement$0(ExpectedConditions.java:896)
	at java.base/java.util.Optional.orElseThrow(Optional.java:403)
	at org.openqa.selenium.support.ui.ExpectedConditions.findElement(ExpectedConditions.java:895)
	at org.openqa.selenium.support.ui.ExpectedConditions.access$000(ExpectedConditions.java:44)
	at org.openqa.selenium.support.ui.ExpectedConditions$7.apply(ExpectedConditions.java:206)
	at org.openqa.selenium.support.ui.ExpectedConditions$7.apply(ExpectedConditions.java:202)
	at org.openqa.selenium.support.ui.FluentWait.until(FluentWait.java:208)
	... 32 more
... Removed 27 stack frames</div></td></tr></table><p class="totop"><a href="#summary">back to summary</a></p>
<h3 id="m1">com.pinelabs.RnD.WebUITest.ApproveMerchantTest#ApproveMerchant</h3><table class="result"><tr class="param"><th>Parameter #1</th><th>Parameter #2</th></tr><tr class="param stripe"><td>Null</td><td>Fail</td></tr><tr><th colspan="2">Exception</th></tr><tr><td colspan="2"><div class="stacktrace">org.openqa.selenium.ElementClickInterceptedException: element click intercepted: Element &lt;input type=&quot;submit&quot; name=&quot;ctl00$ContentPlaceHolder1$SaerchMerchantBtn&quot; value=&quot;Search&quot; onclick=&quot;javascript:return ValidateFields();&quot; id=&quot;SaerchMerchantBtn&quot; class=&quot;btn btn-red1&quot; style=&quot;border: 3px solid cyan;&quot;&gt; is not clickable at point (836, 210). Other element would receive the click: &lt;div id=&quot;divBackground&quot; style=&quot;position: absolute; top: 0px; left: 0px; background-color: black; z-index: 999; opacity: 0.8; overflow: hidden; display: block; height: 564px; width: 100%;&quot;&gt;...&lt;/div&gt;
  (Session info: chrome=100.0.4896.127)
Build info: version: &apos;3.9.1&apos;, revision: &apos;63f7b50&apos;, time: &apos;2018-02-07T22:25:02.294Z&apos;
System info: host: &apos;PINENOIL16097&apos;, ip: &apos;192.168.1.7&apos;, os.name: &apos;Windows 10&apos;, os.arch: &apos;amd64&apos;, os.version: &apos;10.0&apos;, java.version: &apos;17.0.1&apos;
Driver info: org.openqa.selenium.chrome.ChromeDriver
Capabilities {acceptInsecureCerts: true, browserName: chrome, browserVersion: 100.0.4896.127, chrome: {chromedriverVersion: 100.0.4896.60 (6a5d10861ce8..., userDataDir: C:\Users\PRAKHE~1.AGA\AppDa...}, goog:chromeOptions: {debuggerAddress: localhost:51012}, javascriptEnabled: true, networkConnectionEnabled: false, pageLoadStrategy: normal, platform: WINDOWS, platformName: WINDOWS, proxy: Proxy(), setWindowRect: true, strictFileInteractability: false, timeouts: {implicit: 0, pageLoad: 300000, script: 30000}, unhandledPromptBehavior: dismiss and notify, webauthn:extension:credBlob: true, webauthn:extension:largeBlob: true, webauthn:virtualAuthenticators: true}
Session ID: c5cfaf95d185d7579791cd55addd68e2
	at org.openqa.selenium.remote.http.W3CHttpResponseCodec.createException(W3CHttpResponseCodec.java:187)
	at org.openqa.selenium.remote.http.W3CHttpResponseCodec.decode(W3CHttpResponseCodec.java:122)
	at org.openqa.selenium.remote.http.W3CHttpResponseCodec.decode(W3CHttpResponseCodec.java:49)
	at org.openqa.selenium.remote.HttpCommandExecutor.execute(HttpCommandExecutor.java:160)
	at org.openqa.selenium.remote.service.DriverCommandExecutor.execute(DriverCommandExecutor.java:83)
	at org.openqa.selenium.remote.RemoteWebDriver.execute(RemoteWebDriver.java:601)
	at org.openqa.selenium.remote.RemoteWebElement.execute(RemoteWebElement.java:279)
	at org.openqa.selenium.remote.RemoteWebElement.click(RemoteWebElement.java:83)
	at com.pinelabs.RnD.WebUI.Base.SeleniumUtilities.clickOnElement(SeleniumUtilities.java:352)
	at com.pinelabs.RnD.WebUI.POM.ManageMerchant.ApproveMerchant(ManageMerchant.java:124)
	at com.pinelabs.RnD.WebUITest.ApproveMerchantTest.ApproveMerchant(ApproveMerchantTest.java:50)
	at java.base/java.util.ArrayList.forEach(ArrayList.java:1511)
... Removed 32 stack frames</div></td></tr></table><p class="totop"><a href="#summary">back to summary</a></p>
<h3 id="m2">com.pinelabs.RnD.WebUITest.ApproveMerchantTest#ApproveMerchant</h3><table class="result"><tr class="param"><th>Parameter #1</th><th>Parameter #2</th></tr><tr class="param stripe"><td>AutomatedMerchant040</td><td>Fail</td></tr></table><p class="totop"><a href="#summary">back to summary</a></p>
<h3 id="m3">com.pinelabs.RnD.WebUITest.ApproveMerchantTest#ApproveMerchant</h3><table class="result"><tr class="param"><th>Parameter #1</th><th>Parameter #2</th></tr><tr class="param stripe"><td>jhsdfhdfkfd</td><td>Fail</td></tr></table><p class="totop"><a href="#summary">back to summary</a></p>
<h3 id="m4">com.pinelabs.RnD.WebUITest.CreateMerchantTest#CreateMerchant</h3><table class="result"><tr class="param"><th>Parameter #1</th><th>Parameter #2</th><th>Parameter #3</th><th>Parameter #4</th><th>Parameter #5</th><th>Parameter #6</th><th>Parameter #7</th><th>Parameter #8</th><th>Parameter #9</th><th>Parameter #10</th><th>Parameter #11</th><th>Parameter #12</th><th>Parameter #13</th></tr><tr class="param stripe"><td>AutomatedMerchant049</td><td>CIMB</td><td>RM</td><td>Address Auto Filled</td><td>Malaysia</td><td>Johor</td><td>MUAR</td><td>201001.0</td><td>Automated</td><td>9.999999998E9</td><td>9.999999998E9</td><td>a@r.com</td><td>Fail</td></tr></table><p class="totop"><a href="#summary">back to summary</a></p>
<h3 id="m5">com.pinelabs.RnD.WebUITest.CreateMerchantTest#CreateMerchant</h3><table class="result"><tr class="param"><th>Parameter #1</th><th>Parameter #2</th><th>Parameter #3</th><th>Parameter #4</th><th>Parameter #5</th><th>Parameter #6</th><th>Parameter #7</th><th>Parameter #8</th><th>Parameter #9</th><th>Parameter #10</th><th>Parameter #11</th><th>Parameter #12</th><th>Parameter #13</th></tr><tr class="param stripe"><td>AutomatedMerchant048</td><td>CIMB</td><td>RM</td><td>Address Auto Filled</td><td>Malaysia</td><td>Johor</td><td>MUAR</td><td>201001.0</td><td>Automated</td><td>9.999999998E9</td><td>9.999999998E9</td><td>a@r.com</td><td>Fail</td></tr></table><p class="totop"><a href="#summary">back to summary</a></p>
<h3 id="m6">com.pinelabs.RnD.WebUITest.CreateMerchantTest#CreateMerchant</h3><table class="result"><tr class="param"><th>Parameter #1</th><th>Parameter #2</th><th>Parameter #3</th><th>Parameter #4</th><th>Parameter #5</th><th>Parameter #6</th><th>Parameter #7</th><th>Parameter #8</th><th>Parameter #9</th><th>Parameter #10</th><th>Parameter #11</th><th>Parameter #12</th><th>Parameter #13</th></tr><tr class="param stripe"><td>AutomatedMerchant050</td><td>CIMB</td><td>RM</td><td>Address Auto Filled</td><td>Malaysia</td><td>Johor</td><td>MUAR</td><td>201001.0</td><td>Automated</td><td>9.999999998E9</td><td>9.999999998E9</td><td>a@r.com</td><td>Fail</td></tr></table><p class="totop"><a href="#summary">back to summary</a></p>
<h3 id="m7">com.pinelabs.RnD.WebUITest.PCUILoginTest#login</h3><table class="result"><tr class="param"><th>Parameter #1</th><th>Parameter #2</th><th>Parameter #3</th></tr><tr class="param stripe"><td>prakher.agarwal</td><td>abc</td><td>blocked</td></tr></table><p class="totop"><a href="#summary">back to summary</a></p>
<h3 id="m8">com.pinelabs.RnD.WebUITest.PCUILoginTest#login</h3><table class="result"><tr class="param"><th>Parameter #1</th><th>Parameter #2</th><th>Parameter #3</th></tr><tr class="param stripe"><td>prakheragarwaljsk</td><td>abc</td><td>Invalid credentials</td></tr></table><p class="totop"><a href="#summary">back to summary</a></p>
<h3 id="m9">com.pinelabs.RnD.WebUITest.PCUILoginTest#login</h3><table class="result"><tr class="param"><th>Parameter #1</th><th>Parameter #2</th><th>Parameter #3</th></tr><tr class="param stripe"><td>testuser</td><td>abc</td><td>Invalid credentials</td></tr></table><p class="totop"><a href="#summary">back to summary</a></p>
<h3 id="m10">com.pinelabs.RnD.WebUITest.PCUILoginTest#login</h3><table class="result"><tr class="param"><th>Parameter #1</th><th>Parameter #2</th><th>Parameter #3</th></tr><tr class="param stripe"><td>prakher.agarwal1</td><td>null</td><td>Invalid credentials</td></tr></table><p class="totop"><a href="#summary">back to summary</a></p>
<h3 id="m11">com.pinelabs.RnD.WebUITest.PCUILoginTest#login</h3><table class="result"><tr class="param"><th>Parameter #1</th><th>Parameter #2</th><th>Parameter #3</th></tr><tr class="param stripe"><td>null</td><td>Pinelabs@123</td><td>Invalid credentials</td></tr></table><p class="totop"><a href="#summary">back to summary</a></p>
<h3 id="m12">com.pinelabs.RnD.WebUITest.PCUILoginTest#login</h3><table class="result"><tr class="param"><th>Parameter #1</th><th>Parameter #2</th><th>Parameter #3</th></tr><tr class="param stripe"><td>prakheragarwal</td><td>Pinelabs@123</td><td>valid credentials</td></tr></table><p class="totop"><a href="#summary">back to summary</a></p>
</body>
</html>
